Mobile/week4/DownloadHtml/app/build/intermediates/manifest_merge_blame_file/debug/manifest-merger-blame-debug-report.txt
1<?xml version="1.0" encoding="utf-8"?>
2<manifest xmlns:android="http://schemas.android.com/apk/res/android"
3    package="mobile.example.network.downloadhttp.basic"
4    android:versionCode="1"
5    android:versionName="1.0" >
6
7    <uses-sdk
8        android:minSdkVersion="16"
8-->src\main\AndroidManifest.xml
9        android:targetSdkVersion="29" />
9-->src\main\AndroidManifest.xml
10
11    <uses-permission android:name="android.permission.ACCESS_NETWORK_STATE" /> <!-- 네트워크 상태 체크 -->
11-->src\main\AndroidManifest.xml:7:5-79
11-->src\main\AndroidManifest.xml:7:22-76
12    <uses-permission android:name="android.permission.INTERNET" />
12-->src\main\AndroidManifest.xml:8:5-66
12-->src\main\AndroidManifest.xml:8:22-64
13
14    <!-- 인터넷 퍼미션 -->
15    <application
15-->src\main\AndroidManifest.xml:10:5-24:19
16        android:allowBackup="true"
16-->src\main\AndroidManifest.xml:11:9-35
17        android:appComponentFactory="androidx.core.app.CoreComponentFactory"
17-->[androidx.core:core:1.3.0] AndroidManifest.xml:24:18-86
18        android:debuggable="true"
19        android:icon="@drawable/ic_launcher"
19-->src\main\AndroidManifest.xml:12:9-45
20        android:label="@string/app_name"
20-->src\main\AndroidManifest.xml:13:9-41
21        android:testOnly="true"
22        android:theme="@style/AppTheme" >
22-->src\main\AndroidManifest.xml:14:9-40
23        <activity
23-->src\main\AndroidManifest.xml:15:9-23:20
24            android:name="mobile.example.network.downloadhttp.basic.MainActivity"
24-->src\main\AndroidManifest.xml:16:13-82
25            android:label="@string/app_name" >
25-->src\main\AndroidManifest.xml:17:13-45
26            <intent-filter>
26-->src\main\AndroidManifest.xml:18:13-22:29
27                <action android:name="android.intent.action.MAIN" />
27-->src\main\AndroidManifest.xml:19:17-69
27-->src\main\AndroidManifest.xml:19:25-66
28
29                <category android:name="android.intent.category.LAUNCHER" />
29-->src\main\AndroidManifest.xml:21:17-77
29-->src\main\AndroidManifest.xml:21:27-74
30            </intent-filter>
31        </activity>
32    </application>
33
34</manifest>